# JRE version: OpenJDK Runtime Environment (11.0.6+8) (build 11.0.6+8-b520.43)
# Java VM: OpenJDK 64-Bit Server VM (11.0.6+8-b520.43, mixed mode, tiered, compressed oops, g1 gc, windows-amd64)
Heap:
 garbage-first heap   total 396288K, used 28613K [0x0000000701c00000, 0x0000000800000000)
  region size 1024K, 15 young (15360K), 15 survivors (15360K)
 Metaspace       used 58623K, capacity 60278K, committed 60376K, reserved 1101824K
  class space    used 7769K, capacity 8414K, committed 8448K, reserved 1048576K
GC Heap History (17 events):
Event: 1.394 GC heap before
{Heap before GC invocations=0 (full 0):
 garbage-first heap   total 262144K, used 15360K [0x0000000701c00000, 0x0000000800000000)
  region size 1024K, 14 young (14336K), 0 survivors (0K)
 Metaspace       used 11373K, capacity 11722K, committed 11904K, reserved 1060864K
  class space    used 1193K, capacity 1334K, committed 1408K, reserved 1048576K
}
Event: 1.502 GC heap after
{Heap after GC invocations=1 (full 0):
 garbage-first heap   total 262144K, used 9254K [0x0000000701c00000, 0x0000000800000000)
  region size 1024K, 2 young (2048K), 2 survivors (2048K)
 Metaspace       used 11373K, capacity 11722K, committed 11904K, reserved 1060864K
  class space    used 1193K, capacity 1334K, committed 1408K, reserved 1048576K
}
Event: 1.813 GC heap before
{Heap before GC invocations=1 (full 0):
 garbage-first heap   total 262144K, used 18470K [0x0000000701c00000, 0x0000000800000000)
  region size 1024K, 12 young (12288K), 2 survivors (2048K)
 Metaspace       used 14194K, capacity 14509K, committed 14720K, reserved 1062912K
  class space    used 1495K, capacity 1625K, committed 1664K, reserved 1048576K
}
Event: 1.816 GC heap after
{Heap after GC invocations=2 (full 0):
 garbage-first heap   total 262144K, used 10617K [0x0000000701c00000, 0x0000000800000000)
  region size 1024K, 2 young (2048K), 2 survivors (2048K)
 Metaspace       used 14194K, capacity 14509K, committed 14720K, reserved 1062912K
  class space    used 1495K, capacity 1625K, committed 1664K, reserved 1048576K
}
Event: 2.153 GC heap before
{Heap before GC invocations=2 (full 0):
 garbage-first heap   total 262144K, used 34169K [0x0000000701c00000, 0x0000000800000000)
  region size 1024K, 25 young (25600K), 2 survivors (2048K)
 Metaspace       used 18722K, capacity 19212K, committed 19328K, reserved 1067008K
  class space    used 2120K, capacity 2329K, committed 2432K, reserved 1048576K
}
Event: 2.156 GC heap after
{Heap after GC invocations=3 (full 0):
 garbage-first heap   total 262144K, used 11735K [0x0000000701c00000, 0x0000000800000000)
  region size 1024K, 3 young (3072K), 3 survivors (3072K)
 Metaspace       used 18722K, capacity 19212K, committed 19328K, reserved 1067008K
  class space    used 2120K, capacity 2329K, committed 2432K, reserved 1048576K
}
Event: 2.290 GC heap before
{Heap before GC invocations=3 (full 0):
 garbage-first heap   total 262144K, used 28119K [0x0000000701c00000, 0x0000000800000000)
  region size 1024K, 20 young (20480K), 3 survivors (3072K)
 Metaspace       used 20600K, capacity 21115K, committed 21296K, reserved 1069056K
  class space    used 2462K, capacity 2665K, committed 2688K, reserved 1048576K
}
Event: 2.294 GC heap after
{Heap after GC invocations=4 (full 0):
 garbage-first heap   total 262144K, used 12316K [0x0000000701c00000, 0x0000000800000000)
  region size 1024K, 3 young (3072K), 3 survivors (3072K)
 Metaspace       used 20600K, capacity 21115K, committed 21296K, reserved 1069056K
  class space    used 2462K, capacity 2665K, committed 2688K, reserved 1048576K
}
Event: 2.905 GC heap before
{Heap before GC invocations=5 (full 0):
 garbage-first heap   total 262144K, used 63516K [0x0000000701c00000, 0x0000000800000000)
  region size 1024K, 54 young (55296K), 3 survivors (3072K)
 Metaspace       used 25471K, capacity 26201K, committed 26496K, reserved 1073152K
  class space    used 3103K, capacity 3366K, committed 3456K, reserved 1048576K
}
Event: 2.910 GC heap after
{Heap after GC invocations=6 (full 0):
 garbage-first heap   total 262144K, used 14298K [0x0000000701c00000, 0x0000000800000000)
  region size 1024K, 5 young (5120K), 5 survivors (5120K)
 Metaspace       used 25471K, capacity 26201K, committed 26496K, reserved 1073152K
  class space    used 3103K, capacity 3366K, committed 3456K, reserved 1048576K
}
Event: 3.281 GC heap before
{Heap before GC invocations=6 (full 0):
 garbage-first heap   total 262144K, used 90074K [0x0000000701c00000, 0x0000000800000000)
  region size 1024K, 80 young (81920K), 5 survivors (5120K)
 Metaspace       used 27854K, capacity 28740K, committed 28928K, reserved 1075200K
  class space    used 3449K, capacity 3797K, committed 3840K, reserved 1048576K
}
Event: 3.286 GC heap after
{Heap after GC invocations=7 (full 0):
 garbage-first heap   total 262144K, used 16261K [0x0000000701c00000, 0x0000000800000000)
  region size 1024K, 7 young (7168K), 7 survivors (7168K)
 Metaspace       used 27854K, capacity 28740K, committed 28928K, reserved 1075200K
  class space    used 3449K, capacity 3797K, committed 3840K, reserved 1048576K
}
Event: 4.376 GC heap before
{Heap before GC invocations=7 (full 0):
 garbage-first heap   total 262144K, used 103301K [0x0000000701c00000, 0x0000000800000000)
  region size 1024K, 93 young (95232K), 7 survivors (7168K)
 Metaspace       used 34686K, capacity 35886K, committed 35968K, reserved 1081344K
  class space    used 4467K, capacity 4949K, committed 4992K, reserved 1048576K
}
Event: 4.388 GC heap after
{Heap after GC invocations=8 (full 0):
 garbage-first heap   total 262144K, used 20075K [0x0000000701c00000, 0x0000000800000000)
  region size 1024K, 11 young (11264K), 11 survivors (11264K)
 Metaspace       used 34686K, capacity 35886K, committed 35968K, reserved 1081344K
  class space    used 4467K, capacity 4949K, committed 4992K, reserved 1048576K
}
Event: 6.754 GC heap before
{Heap before GC invocations=9 (full 0):
 garbage-first heap   total 262144K, used 164459K [0x0000000701c00000, 0x0000000800000000)
  region size 1024K, 153 young (156672K), 11 survivors (11264K)
 Metaspace       used 46534K, capacity 47955K, committed 48000K, reserved 1091584K
  class space    used 5946K, capacity 6497K, committed 6528K, reserved 1048576K
}
Event: 6.766 GC heap after
{Heap after GC invocations=10 (full 0):
 garbage-first heap   total 262144K, used 23715K [0x0000000701c00000, 0x0000000800000000)
  region size 1024K, 13 young (13312K), 13 survivors (13312K)
 Metaspace       used 46534K, capacity 47955K, committed 48000K, reserved 1091584K
  class space    used 5946K, capacity 6497K, committed 6528K, reserved 1048576K
}
Event: 8.277 GC heap before
{Heap before GC invocations=10 (full 0):
 garbage-first heap   total 262144K, used 120995K [0x0000000701c00000, 0x0000000800000000)
  region size 1024K, 109 young (111616K), 13 survivors (13312K)
 Metaspace       used 58623K, capacity 60278K, committed 60376K, reserved 1101824K
  class space    used 7769K, capacity 8414K, committed 8448K, reserved 1048576K
}

