# JRE version: OpenJDK Runtime Environment (11.0.6+8) (build 11.0.6+8-b520.43)
# Java VM: OpenJDK 64-Bit Server VM (11.0.6+8-b520.43, mixed mode, tiered, compressed oops, g1 gc, windows-amd64)
Heap:
 garbage-first heap   total 315392K, used 20358K [0x0000000701c00000, 0x0000000800000000)
  region size 1024K, 11 young (11264K), 11 survivors (11264K)
 Metaspace       used 34382K, capacity 35571K, committed 35708K, reserved 1081344K
  class space    used 4405K, capacity 4864K, committed 4864K, reserved 1048576K
GC Heap History (13 events):
Event: 1.292 GC heap before
{Heap before GC invocations=0 (full 0):
 garbage-first heap   total 262144K, used 15360K [0x0000000701c00000, 0x0000000800000000)
  region size 1024K, 14 young (14336K), 0 survivors (0K)
 Metaspace       used 11364K, capacity 11722K, committed 11904K, reserved 1060864K
  class space    used 1193K, capacity 1334K, committed 1408K, reserved 1048576K
}
Event: 1.301 GC heap after
{Heap after GC invocations=1 (full 0):
 garbage-first heap   total 262144K, used 9253K [0x0000000701c00000, 0x0000000800000000)
  region size 1024K, 2 young (2048K), 2 survivors (2048K)
 Metaspace       used 11364K, capacity 11722K, committed 11904K, reserved 1060864K
  class space    used 1193K, capacity 1334K, committed 1408K, reserved 1048576K
}
Event: 1.505 GC heap before
{Heap before GC invocations=1 (full 0):
 garbage-first heap   total 262144K, used 18469K [0x0000000701c00000, 0x0000000800000000)
  region size 1024K, 12 young (12288K), 2 survivors (2048K)
 Metaspace       used 14142K, capacity 14442K, committed 14720K, reserved 1062912K
  class space    used 1491K, capacity 1624K, committed 1664K, reserved 1048576K
}
Event: 1.508 GC heap after
{Heap after GC invocations=2 (full 0):
 garbage-first heap   total 262144K, used 10707K [0x0000000701c00000, 0x0000000800000000)
  region size 1024K, 2 young (2048K), 2 survivors (2048K)
 Metaspace       used 14142K, capacity 14442K, committed 14720K, reserved 1062912K
  class space    used 1491K, capacity 1624K, committed 1664K, reserved 1048576K
}
Event: 1.819 GC heap before
{Heap before GC invocations=2 (full 0):
 garbage-first heap   total 262144K, used 33235K [0x0000000701c00000, 0x0000000800000000)
  region size 1024K, 24 young (24576K), 2 survivors (2048K)
 Metaspace       used 18586K, capacity 19109K, committed 19328K, reserved 1067008K
  class space    used 2095K, capacity 2317K, committed 2432K, reserved 1048576K
}
Event: 1.824 GC heap after
{Heap after GC invocations=3 (full 0):
 garbage-first heap   total 262144K, used 11825K [0x0000000701c00000, 0x0000000800000000)
  region size 1024K, 3 young (3072K), 3 survivors (3072K)
 Metaspace       used 18586K, capacity 19109K, committed 19328K, reserved 1067008K
  class space    used 2095K, capacity 2317K, committed 2432K, reserved 1048576K
}
Event: 2.017 GC heap before
{Heap before GC invocations=3 (full 0):
 garbage-first heap   total 262144K, used 29233K [0x0000000701c00000, 0x0000000800000000)
  region size 1024K, 21 young (21504K), 3 survivors (3072K)
 Metaspace       used 20601K, capacity 21112K, committed 21296K, reserved 1069056K
  class space    used 2462K, capacity 2664K, committed 2688K, reserved 1048576K
}
Event: 2.022 GC heap after
{Heap after GC invocations=4 (full 0):
 garbage-first heap   total 262144K, used 12458K [0x0000000701c00000, 0x0000000800000000)
  region size 1024K, 4 young (4096K), 4 survivors (4096K)
 Metaspace       used 20601K, capacity 21112K, committed 21296K, reserved 1069056K
  class space    used 2462K, capacity 2664K, committed 2688K, reserved 1048576K
}
Event: 2.877 GC heap before
{Heap before GC invocations=5 (full 0):
 garbage-first heap   total 262144K, used 61610K [0x0000000701c00000, 0x0000000800000000)
  region size 1024K, 53 young (54272K), 4 survivors (4096K)
 Metaspace       used 25471K, capacity 26198K, committed 26416K, reserved 1073152K
  class space    used 3102K, capacity 3365K, committed 3456K, reserved 1048576K
}
Event: 2.882 GC heap after
{Heap after GC invocations=6 (full 0):
 garbage-first heap   total 262144K, used 14332K [0x0000000701c00000, 0x0000000800000000)
  region size 1024K, 5 young (5120K), 5 survivors (5120K)
 Metaspace       used 25471K, capacity 26198K, committed 26416K, reserved 1073152K
  class space    used 3102K, capacity 3365K, committed 3456K, reserved 1048576K
}
Event: 4.236 GC heap before
{Heap before GC invocations=6 (full 0):
 garbage-first heap   total 262144K, used 164860K [0x0000000701c00000, 0x0000000800000000)
  region size 1024K, 153 young (156672K), 5 survivors (5120K)
 Metaspace       used 33331K, capacity 34440K, committed 34608K, reserved 1079296K
  class space    used 4237K, capacity 4655K, committed 4736K, reserved 1048576K
}
Event: 4.247 GC heap after
{Heap after GC invocations=7 (full 0):
 garbage-first heap   total 262144K, used 19523K [0x0000000701c00000, 0x0000000800000000)
  region size 1024K, 10 young (10240K), 10 survivors (10240K)
 Metaspace       used 33331K, capacity 34440K, committed 34608K, reserved 1079296K
  class space    used 4237K, capacity 4655K, committed 4736K, reserved 1048576K
}
Event: 4.388 GC heap before
{Heap before GC invocations=7 (full 0):
 garbage-first heap   total 262144K, used 28739K [0x0000000701c00000, 0x0000000800000000)
  region size 1024K, 20 young (20480K), 10 survivors (10240K)
 Metaspace       used 34382K, capacity 35571K, committed 35708K, reserved 1081344K
  class space    used 4405K, capacity 4864K, committed 4864K, reserved 1048576K
}

